C:\USERS\MATTS\DESKTOP\BULLETPLAYGROUND\BIN\LINEARMATH_VS2010_DEBUG.PDB
C:\USERS\MATTS\DESKTOP\BULLETPLAYGROUND\BIN\LINEARMATH_VS2010_DEBUG.LIB
C:\Users\Matts\Desktop\BulletPlayGround\LinearMath\obj\x32\Debug\LinearMath\btAlignedAllocator.obj
C:\Users\Matts\Desktop\BulletPlayGround\LinearMath\obj\x32\Debug\LinearMath\btConvexHull.obj
C:\Users\Matts\Desktop\BulletPlayGround\LinearMath\obj\x32\Debug\LinearMath\btConvexHullComputer.obj
C:\Users\Matts\Desktop\BulletPlayGround\LinearMath\obj\x32\Debug\LinearMath\btGeometryUtil.obj
C:\Users\Matts\Desktop\BulletPlayGround\LinearMath\obj\x32\Debug\LinearMath\btPolarDecomposition.obj
C:\Users\Matts\Desktop\BulletPlayGround\LinearMath\obj\x32\Debug\LinearMath\btQuickprof.obj
C:\Users\Matts\Desktop\BulletPlayGround\LinearMath\obj\x32\Debug\LinearMath\btSerializer.obj
C:\Users\Matts\Desktop\BulletPlayGround\LinearMath\obj\x32\Debug\LinearMath\btVector3.obj
C:\Users\Matts\Desktop\BulletPlayGround\LinearMath\obj\x32\Debug\LinearMath\CL.2424.read.1.tlog
C:\Users\Matts\Desktop\BulletPlayGround\LinearMath\obj\x32\Debug\LinearMath\CL.2424.write.1.tlog
C:\Users\Matts\Desktop\BulletPlayGround\LinearMath\obj\x32\Debug\LinearMath\CL.2984.read.1.tlog
C:\Users\Matts\Desktop\BulletPlayGround\LinearMath\obj\x32\Debug\LinearMath\CL.2984.write.1.tlog
C:\Users\Matts\Desktop\BulletPlayGround\LinearMath\obj\x32\Debug\LinearMath\CL.3268.read.1.tlog
C:\Users\Matts\Desktop\BulletPlayGround\LinearMath\obj\x32\Debug\LinearMath\CL.3268.write.1.tlog
C:\Users\Matts\Desktop\BulletPlayGround\LinearMath\obj\x32\Debug\LinearMath\CL.4840.read.1.tlog
C:\Users\Matts\Desktop\BulletPlayGround\LinearMath\obj\x32\Debug\LinearMath\CL.4840.write.1.tlog
C:\Users\Matts\Desktop\BulletPlayGround\LinearMath\obj\x32\Debug\LinearMath\CL.5192.read.1.tlog
C:\Users\Matts\Desktop\BulletPlayGround\LinearMath\obj\x32\Debug\LinearMath\CL.5192.write.1.tlog
C:\Users\Matts\Desktop\BulletPlayGround\LinearMath\obj\x32\Debug\LinearMath\CL.5620.read.1.tlog
C:\Users\Matts\Desktop\BulletPlayGround\LinearMath\obj\x32\Debug\LinearMath\CL.5620.write.1.tlog
C:\Users\Matts\Desktop\BulletPlayGround\LinearMath\obj\x32\Debug\LinearMath\CL.5924.read.1.tlog
C:\Users\Matts\Desktop\BulletPlayGround\LinearMath\obj\x32\Debug\LinearMath\CL.5924.write.1.tlog
C:\Users\Matts\Desktop\BulletPlayGround\LinearMath\obj\x32\Debug\LinearMath\CL.6464.read.1.tlog
C:\Users\Matts\Desktop\BulletPlayGround\LinearMath\obj\x32\Debug\LinearMath\CL.6464.write.1.tlog
C:\Users\Matts\Desktop\BulletPlayGround\LinearMath\obj\x32\Debug\LinearMath\cl.command.1.tlog
C:\Users\Matts\Desktop\BulletPlayGround\LinearMath\obj\x32\Debug\LinearMath\CL.read.1.tlog
C:\Users\Matts\Desktop\BulletPlayGround\LinearMath\obj\x32\Debug\LinearMath\cl.write.1.tlog
C:\Users\Matts\Desktop\BulletPlayGround\LinearMath\obj\x32\Debug\LinearMath\Lib-link.read.1.tlog
C:\Users\Matts\Desktop\BulletPlayGround\LinearMath\obj\x32\Debug\LinearMath\Lib-link.write.1.tlog
C:\Users\Matts\Desktop\BulletPlayGround\LinearMath\obj\x32\Debug\LinearMath\lib.command.1.tlog
C:\Users\Matts\Desktop\BulletPlayGround\\bin\LinearMath_vs2010_debug.pdb
C:\Users\Matts\Desktop\BulletPlayGround\\bin\LinearMath_vs2010_debug.lib
