C:\USERS\MATTS\DESKTOP\BULLETPLAYGROUND\BIN\BULLETDYNAMICS_VS2010_DEBUG.PDB
C:\USERS\MATTS\DESKTOP\BULLETPLAYGROUND\BIN\BULLETDYNAMICS_VS2010_DEBUG.LIB
C:\Users\Matts\Desktop\BulletPlayGround\BulletDynamics\obj\x32\Debug\BulletDynamics\btConeTwistConstraint.obj
C:\Users\Matts\Desktop\BulletPlayGround\BulletDynamics\obj\x32\Debug\BulletDynamics\btContactConstraint.obj
C:\Users\Matts\Desktop\BulletPlayGround\BulletDynamics\obj\x32\Debug\BulletDynamics\btDantzigLCP.obj
C:\Users\Matts\Desktop\BulletPlayGround\BulletDynamics\obj\x32\Debug\BulletDynamics\btDiscreteDynamicsWorld.obj
C:\Users\Matts\Desktop\BulletPlayGround\BulletDynamics\obj\x32\Debug\BulletDynamics\btFixedConstraint.obj
C:\Users\Matts\Desktop\BulletPlayGround\BulletDynamics\obj\x32\Debug\BulletDynamics\btGearConstraint.obj
C:\Users\Matts\Desktop\BulletPlayGround\BulletDynamics\obj\x32\Debug\BulletDynamics\btGeneric6DofConstraint.obj
C:\Users\Matts\Desktop\BulletPlayGround\BulletDynamics\obj\x32\Debug\BulletDynamics\btGeneric6DofSpring2Constraint.obj
C:\Users\Matts\Desktop\BulletPlayGround\BulletDynamics\obj\x32\Debug\BulletDynamics\btGeneric6DofSpringConstraint.obj
C:\Users\Matts\Desktop\BulletPlayGround\BulletDynamics\obj\x32\Debug\BulletDynamics\btHinge2Constraint.obj
C:\Users\Matts\Desktop\BulletPlayGround\BulletDynamics\obj\x32\Debug\BulletDynamics\btHingeConstraint.obj
C:\Users\Matts\Desktop\BulletPlayGround\BulletDynamics\obj\x32\Debug\BulletDynamics\btKinematicCharacterController.obj
C:\Users\Matts\Desktop\BulletPlayGround\BulletDynamics\obj\x32\Debug\BulletDynamics\btLemkeAlgorithm.obj
C:\Users\Matts\Desktop\BulletPlayGround\BulletDynamics\obj\x32\Debug\BulletDynamics\btMLCPSolver.obj
C:\Users\Matts\Desktop\BulletPlayGround\BulletDynamics\obj\x32\Debug\BulletDynamics\btMultiBody.obj
C:\Users\Matts\Desktop\BulletPlayGround\BulletDynamics\obj\x32\Debug\BulletDynamics\btMultiBodyConstraint.obj
C:\Users\Matts\Desktop\BulletPlayGround\BulletDynamics\obj\x32\Debug\BulletDynamics\btMultiBodyConstraintSolver.obj
C:\Users\Matts\Desktop\BulletPlayGround\BulletDynamics\obj\x32\Debug\BulletDynamics\btMultiBodyDynamicsWorld.obj
C:\Users\Matts\Desktop\BulletPlayGround\BulletDynamics\obj\x32\Debug\BulletDynamics\btMultiBodyJointLimitConstraint.obj
C:\Users\Matts\Desktop\BulletPlayGround\BulletDynamics\obj\x32\Debug\BulletDynamics\btMultiBodyJointMotor.obj
C:\Users\Matts\Desktop\BulletPlayGround\BulletDynamics\obj\x32\Debug\BulletDynamics\btMultiBodyPoint2Point.obj
C:\Users\Matts\Desktop\BulletPlayGround\BulletDynamics\obj\x32\Debug\BulletDynamics\btNNCGConstraintSolver.obj
C:\Users\Matts\Desktop\BulletPlayGround\BulletDynamics\obj\x32\Debug\BulletDynamics\btPoint2PointConstraint.obj
C:\Users\Matts\Desktop\BulletPlayGround\BulletDynamics\obj\x32\Debug\BulletDynamics\btRaycastVehicle.obj
C:\Users\Matts\Desktop\BulletPlayGround\BulletDynamics\obj\x32\Debug\BulletDynamics\btRigidBody.obj
C:\Users\Matts\Desktop\BulletPlayGround\BulletDynamics\obj\x32\Debug\BulletDynamics\btSequentialImpulseConstraintSolver.obj
C:\Users\Matts\Desktop\BulletPlayGround\BulletDynamics\obj\x32\Debug\BulletDynamics\btSimpleDynamicsWorld.obj
C:\Users\Matts\Desktop\BulletPlayGround\BulletDynamics\obj\x32\Debug\BulletDynamics\btSliderConstraint.obj
C:\Users\Matts\Desktop\BulletPlayGround\BulletDynamics\obj\x32\Debug\BulletDynamics\btSolve2LinearConstraint.obj
C:\Users\Matts\Desktop\BulletPlayGround\BulletDynamics\obj\x32\Debug\BulletDynamics\btTypedConstraint.obj
C:\Users\Matts\Desktop\BulletPlayGround\BulletDynamics\obj\x32\Debug\BulletDynamics\btUniversalConstraint.obj
C:\Users\Matts\Desktop\BulletPlayGround\BulletDynamics\obj\x32\Debug\BulletDynamics\btWheelInfo.obj
C:\Users\Matts\Desktop\BulletPlayGround\BulletDynamics\obj\x32\Debug\BulletDynamics\CL.2072.read.1.tlog
C:\Users\Matts\Desktop\BulletPlayGround\BulletDynamics\obj\x32\Debug\BulletDynamics\CL.2072.write.1.tlog
C:\Users\Matts\Desktop\BulletPlayGround\BulletDynamics\obj\x32\Debug\BulletDynamics\CL.3160.read.1.tlog
C:\Users\Matts\Desktop\BulletPlayGround\BulletDynamics\obj\x32\Debug\BulletDynamics\CL.3160.write.1.tlog
C:\Users\Matts\Desktop\BulletPlayGround\BulletDynamics\obj\x32\Debug\BulletDynamics\CL.3772.read.1.tlog
C:\Users\Matts\Desktop\BulletPlayGround\BulletDynamics\obj\x32\Debug\BulletDynamics\CL.3772.write.1.tlog
C:\Users\Matts\Desktop\BulletPlayGround\BulletDynamics\obj\x32\Debug\BulletDynamics\CL.5168.read.1.tlog
C:\Users\Matts\Desktop\BulletPlayGround\BulletDynamics\obj\x32\Debug\BulletDynamics\CL.5168.write.1.tlog
C:\Users\Matts\Desktop\BulletPlayGround\BulletDynamics\obj\x32\Debug\BulletDynamics\CL.5204.read.1.tlog
C:\Users\Matts\Desktop\BulletPlayGround\BulletDynamics\obj\x32\Debug\BulletDynamics\CL.5204.write.1.tlog
C:\Users\Matts\Desktop\BulletPlayGround\BulletDynamics\obj\x32\Debug\BulletDynamics\CL.5264.read.1.tlog
C:\Users\Matts\Desktop\BulletPlayGround\BulletDynamics\obj\x32\Debug\BulletDynamics\CL.5264.write.1.tlog
C:\Users\Matts\Desktop\BulletPlayGround\BulletDynamics\obj\x32\Debug\BulletDynamics\CL.5992.read.1.tlog
C:\Users\Matts\Desktop\BulletPlayGround\BulletDynamics\obj\x32\Debug\BulletDynamics\CL.5992.write.1.tlog
C:\Users\Matts\Desktop\BulletPlayGround\BulletDynamics\obj\x32\Debug\BulletDynamics\CL.6060.read.1.tlog
C:\Users\Matts\Desktop\BulletPlayGround\BulletDynamics\obj\x32\Debug\BulletDynamics\CL.6060.write.1.tlog
C:\Users\Matts\Desktop\BulletPlayGround\BulletDynamics\obj\x32\Debug\BulletDynamics\CL.6072.read.1.tlog
C:\Users\Matts\Desktop\BulletPlayGround\BulletDynamics\obj\x32\Debug\BulletDynamics\CL.6072.write.1.tlog
C:\Users\Matts\Desktop\BulletPlayGround\BulletDynamics\obj\x32\Debug\BulletDynamics\CL.6140.read.1.tlog
C:\Users\Matts\Desktop\BulletPlayGround\BulletDynamics\obj\x32\Debug\BulletDynamics\CL.6140.write.1.tlog
C:\Users\Matts\Desktop\BulletPlayGround\BulletDynamics\obj\x32\Debug\BulletDynamics\CL.7344.read.1.tlog
C:\Users\Matts\Desktop\BulletPlayGround\BulletDynamics\obj\x32\Debug\BulletDynamics\CL.7344.write.1.tlog
C:\Users\Matts\Desktop\BulletPlayGround\BulletDynamics\obj\x32\Debug\BulletDynamics\CL.7836.read.1.tlog
C:\Users\Matts\Desktop\BulletPlayGround\BulletDynamics\obj\x32\Debug\BulletDynamics\CL.7836.write.1.tlog
C:\Users\Matts\Desktop\BulletPlayGround\BulletDynamics\obj\x32\Debug\BulletDynamics\cl.command.1.tlog
C:\Users\Matts\Desktop\BulletPlayGround\BulletDynamics\obj\x32\Debug\BulletDynamics\CL.read.1.tlog
C:\Users\Matts\Desktop\BulletPlayGround\BulletDynamics\obj\x32\Debug\BulletDynamics\cl.write.1.tlog
C:\Users\Matts\Desktop\BulletPlayGround\BulletDynamics\obj\x32\Debug\BulletDynamics\Lib-link.read.1.tlog
C:\Users\Matts\Desktop\BulletPlayGround\BulletDynamics\obj\x32\Debug\BulletDynamics\Lib-link.write.1.tlog
C:\Users\Matts\Desktop\BulletPlayGround\BulletDynamics\obj\x32\Debug\BulletDynamics\lib.command.1.tlog
C:\Users\Matts\Desktop\BulletPlayGround\\bin\BulletDynamics_vs2010_debug.pdb
C:\Users\Matts\Desktop\BulletPlayGround\\bin\BulletDynamics_vs2010_debug.lib
